[2026-06-04T04:55:36.457599] [RADR_NEXUS] [SYS_BOOT] BIOS/Boot Telemetry Initialization Started
[2026-06-04T04:55:36.457701] [RADR_NEXUS] [INFO] Scanning primary USB buses for connected organs/devices...
[2026-06-04T04:55:36.466757] [RADR_NEXUS] [INFO] Detected Node: Bus 001 Device 001: ID 1d6b:0002 Linux Foundation 2.0 root hub
[2026-06-04T04:55:36.466814] [RADR_NEXUS] [INFO] Detected Node: Bus 001 Device 002: ID 1532:0090 Razer USA, Ltd Razer Naga Pro
[2026-06-04T04:55:36.466839] [RADR_NEXUS] [INFO] Detected Node: Bus 001 Device 003: ID 0bda:58c7 Realtek Semiconductor Corp. Integrated_Webcam_HD
[2026-06-04T04:55:36.466858] [RADR_NEXUS] [INFO] Detected Node: Bus 001 Device 004: ID 8087:0a2b Intel Corp. Bluetooth wireless interface
[2026-06-04T04:55:36.466875] [RADR_NEXUS] [INFO] Detected Node: Bus 001 Device 005: ID 0a5c:5832 Broadcom Corp. BCM5880 Secure Applications Processor Smartcard reader
[2026-06-04T04:55:36.466891] [RADR_NEXUS] [INFO] Detected Node: Bus 002 Device 001: ID 1d6b:0003 Linux Foundation 3.0 root hub
[2026-06-04T04:55:36.466910] [RADR_NEXUS] [INFO] Verifying dataflow parameters and driver hooks...
[2026-06-04T04:55:36.475094] [RADR_NEXUS] [WARN] Potential dataflow interruption detected in recent kernel logs.
[2026-06-04T04:55:36.475174] [RADR_NEXUS] [INFO] Telemetry Nexus Scan Complete. Monitoring active.
[2026-06-04T05:55:52.342097] [RADR_NEXUS] [SYS_BOOT] BIOS/Boot Telemetry Initialization Started
[2026-06-04T05:55:52.344869] [RADR_NEXUS] [INFO] Scanning primary USB buses for connected organs/devices...
[2026-06-04T05:55:52.451225] [RADR_NEXUS] [INFO] Detected Node: Bus 001 Device 001: ID 1d6b:0002 Linux Foundation 2.0 root hub
[2026-06-04T05:55:52.451317] [RADR_NEXUS] [INFO] Detected Node: Bus 001 Device 002: ID 1532:008f Razer USA, Ltd Razer Naga Pro
[2026-06-04T05:55:52.451353] [RADR_NEXUS] [INFO] Detected Node: Bus 001 Device 003: ID 1532:0090 Razer USA, Ltd Razer Naga Pro
[2026-06-04T05:55:52.451379] [RADR_NEXUS] [INFO] Detected Node: Bus 001 Device 004: ID 0bda:58c7 Realtek Semiconductor Corp. Integrated_Webcam_HD
[2026-06-04T05:55:52.451404] [RADR_NEXUS] [INFO] Detected Node: Bus 001 Device 005: ID 8087:0a2b Intel Corp. Bluetooth wireless interface
[2026-06-04T05:55:52.451428] [RADR_NEXUS] [INFO] Detected Node: Bus 001 Device 006: ID 0a5c:5832 Broadcom Corp. BCM5880 Secure Applications Processor Smartcard reader
[2026-06-04T05:55:52.451452] [RADR_NEXUS] [INFO] Detected Node: Bus 002 Device 001: ID 1d6b:0003 Linux Foundation 3.0 root hub
[2026-06-04T05:55:52.451489] [RADR_NEXUS] [INFO] Verifying dataflow parameters and driver hooks...
[2026-06-04T05:55:52.484875] [RADR_NEXUS] [WARN] Potential dataflow interruption detected in recent kernel logs.
[2026-06-04T05:55:52.484970] [RADR_NEXUS] [INFO] Telemetry Nexus Scan Complete. Monitoring active.
